          :-) GROMACS - mdrun_threads, 2021.1-dev-20210225-5fcf433 (-:

                            GROMACS is written by:
     Andrey Alekseenko              Emile Apol              Rossen Apostolov     
         Paul Bauer           Herman J.C. Berendsen           Par Bjelkmar       
       Christian Blau           Viacheslav Bolnykh             Kevin Boyd        
     Aldert van Buuren           Rudi van Drunen             Anton Feenstra      
    Gilles Gouaillardet             Alan Gray               Gerrit Groenhof      
       Anca Hamuraru            Vincent Hindriksen          M. Eric Irrgang      
      Aleksei Iupinov           Christoph Junghans             Joe Jordan        
    Dimitrios Karkoulis            Peter Kasson                Jiri Kraus        
      Carsten Kutzner              Per Larsson              Justin A. Lemkul     
       Viveca Lindahl            Magnus Lundborg             Erik Marklund       
        Pascal Merz             Pieter Meulenhoff            Teemu Murtola       
        Szilard Pall               Sander Pronk              Roland Schulz       
       Michael Shirts            Alexey Shvetsov             Alfons Sijbers      
       Peter Tieleman              Jon Vincent              Teemu Virolainen     
     Christian Wennberg            Maarten Wolf              Artem Zhmurov       
                           and the project leaders:
        Mark Abraham, Berk Hess, Erik Lindahl, and David van der Spoel

Copyright (c) 1991-2000, University of Groningen, The Netherlands.
Copyright (c) 2001-2019, The GROMACS development team at
Uppsala University, Stockholm University and
the Royal Institute of Technology, Sweden.
check out http://www.gromacs.org for more information.

GROMACS is free software; you can redistribute it and/or modify it
under the terms of the GNU Lesser General Public License
as published by the Free Software Foundation; either version 2.1
of the License, or (at your option) any later version.

GROMACS:      mdrun_threads, version 2021.1-dev-20210225-5fcf433
Executable:   /usr/local/gromacs/2021/2021-impi2017-fftw337-gcc93-cuda11.1-fix3943//bin/mdrun_threads_SSE2
Data prefix:  /usr/local/gromacs/2021/2021-impi2017-fftw337-gcc93-cuda11.1-fix3943/
Working dir:  /home/ykhalak/Projects/ML_dG/pde2_dG/generators/structures/set_4/morphing_annealing_4d09/morphes_sim_an/set4_0
Command line:
  mdrun_threads -deffnm morph -ntomp 1 -ntmpi 1

Compiled SIMD: SSE2, but for this host/run AVX_512 might be better (see log).
Reading file morph.tpr, VERSION 2021.1-dev-20210225-5fcf433 (single precision)
Changing nstlist from 10 to 100, rlist from 1.1 to 1.121

1 GPU selected for this run.
Mapping of GPU IDs to the 2 GPU tasks in the 1 rank on this node:
  PP:0,PME:0
PP tasks will do (non-perturbed) short-ranged interactions on the GPU
PP task will update and constrain coordinates on the CPU
PME tasks will do all aspects on the GPU
Using 1 MPI thread
Using 1 OpenMP thread 


NOTE: Thread affinity was not set.
starting mdrun 'MOL'
5000 steps,     10.0 ps.

Writing final coordinates.

               Core t (s)   Wall t (s)        (%)
       Time:       56.839       56.839      100.0
                 (ns/day)    (hour/ns)
Performance:       15.204        1.579

GROMACS reminds you: "It has not escaped our notice that the specific pairing we have postulated immediately suggests a possible copying mechanism for the genetic material." (Watson & Crick)

